INFO:root:loading data-params...
INFO:root:{'expand': True, 'split': 0.2, 'random_state': 42, 'save_path': 'data/temp/', 'train_name': 'train.csv', 'test_name': 'test.csv'}
INFO:root:downloading datasets....
INFO:root:loading datasets....
INFO:root:loading data-params...
INFO:root:{'expand': True, 'split': 0.2, 'random_state': 42, 'save_path': 'data/temp/', 'train_name': 'train.csv', 'test_name': 'test.csv'}
INFO:root:downloading datasets....
INFO:root:loading datasets....
INFO:root:loading data-params...
INFO:root:{'expand': True, 'split': 0.2, 'random_state': 42, 'save_path': 'data/temp/', 'train_name': 'train.csv', 'test_name': 'test.csv'}
INFO:root:downloading datasets....
INFO:root:loading datasets....
INFO:root:loading data-params...
INFO:root:{'expand': True, 'split': 0.2, 'random_state': 42, 'save_path': 'data/temp/', 'train_name': 'train.csv', 'test_name': 'test.csv'}
INFO:root:downloading datasets....
INFO:root:loading datasets....
INFO:root:datasets loaded
INFO:root:preprocessing...
INFO:root:preprocessing completed.
INFO:root:train test with 0.2 split, random state 42
INFO:root:saving training and testing data...
INFO:root:training and testing saved at {}
INFO:root:loading training-params...
INFO:root:{'input_path': '../data/temp'}
INFO:root:loading data-params...
INFO:root:{'expand': True, 'split': 0.2, 'random_state': 42, 'save_path': 'data/temp/', 'train_name': 'train.csv', 'test_name': 'test.csv'}
INFO:root:downloading datasets....
INFO:root:loading datasets....
INFO:root:datasets loaded
INFO:root:preprocessing...
INFO:root:preprocessing completed.
INFO:root:train test with 0.2 split, random state 42
INFO:root:saving training and testing data...
INFO:root:training and testing saved at {}
INFO:root:loading training-params...
INFO:root:{'input_path': '../data/temp'}
INFO:root:loading data-params...
INFO:root:{'expand': True, 'split': 0.2, 'random_state': 42, 'save_path': 'data/temp/', 'train_name': 'train.csv', 'test_name': 'test.csv'}
INFO:root:downloading datasets....
INFO:root:loading datasets....
INFO:root:datasets loaded
INFO:root:preprocessing...
INFO:root:preprocessing completed.
INFO:root:train test with 0.2 split, random state 42
INFO:root:saving training and testing data...
INFO:root:training and testing saved at {}
INFO:root:loading training-params...
INFO:root:{'input_path': '../data/temp'}
